#
# There is insufficient memory for the Java Runtime Environment to continue.
# Native memory allocation (mmap) failed to map 134217728 bytes for G1 virtual space
# Possible reasons:
#   The system is out of physical RAM or swap space
#   The process is running with CompressedOops enabled, and the Java Heap may be blocking the growth of the native heap
# Possible solutions:
#   Reduce memory load on the system
#   Increase physical memory or swap space
#   Check if swap backing store is full
#   Decrease Java heap size (-Xmx/-Xms)
#   Decrease number of Java threads
#   Decrease Java thread stack sizes (-Xss)
#   Set larger code cache with -XX:ReservedCodeCacheSize=
#   JVM is running with Unscaled Compressed Oops mode in which the Java heap is
#     placed in the first 4GB address space. The Java Heap base address is the
#     maximum limit for the native heap growth. Please use -XX:HeapBaseMinAddress
#     to set the Java Heap base and to place the Java Heap above 4GB virtual address.
# This output file may be truncated or incomplete.
#
#  Out of Memory Error (./open/src/hotspot/os/windows/os_windows.cpp:3472), pid=15608, tid=13096
#
# JRE version:  (15.0.1+9) (build )
# Java VM: Java HotSpot(TM) 64-Bit Server VM (15.0.1+9-18, mixed mode, sharing, tiered, compressed oops, g1 gc, windows-amd64)
# No core dump will be written. Minidumps are not enabled by default on client versions of Windows
#

---------------  S U M M A R Y ------------

Command Line: -Dfile.encoding=Cp1252 -XX:+ShowCodeDetailsInExceptionMessages enhanced.Best1

Host: Intel(R) Core(TM) i7-3520M CPU @ 2.90GHz, 4 cores, 7G,  Windows 10 , 64 bit Build 18362 (10.0.18362.1316)
Time: Fri Feb  5 19:25:25 2021 Morocco Daylight Time elapsed time: 0.012417 seconds (0d 0h 0m 0s)

---------------  T H R E A D  ---------------

Current thread (0x0000016bfaa53490):  JavaThread "Unknown thread" [_thread_in_vm, id=13096, stack(0x00000028f7f00000,0x00000028f8000000)]

Stack: [0x00000028f7f00000,0x00000028f8000000]
Native frames: (J=compiled Java code, j=interpreted, Vv=VM code, C=native code)
V  [jvm.dll+0x62ae9a]
V  [jvm.dll+0x781389]
V  [jvm.dll+0x782ae3]
V  [jvm.dll+0x783143]
V  [jvm.dll+0x216265]
V  [jvm.dll+0x6281d9]
V  [jvm.dll+0x61cd15]
V  [jvm.dll+0x2d01fd]
V  [jvm.dll+0x2d0062]
V  [jvm.dll+0x2d603c]
V  [jvm.dll+0x325b2a]
V  [jvm.dll+0x3251f4]
V  [jvm.dll+0x2a717a]
V  [jvm.dll+0x2a8318]
V  [jvm.dll+0x75e101]
V  [jvm.dll+0x3343e4]
V  [jvm.dll+0x73e826]
V  [jvm.dll+0x3b7777]
V  [jvm.dll+0x3b9201]
C  [jli.dll+0x52fb]
C  [ucrtbase.dll+0x210b2]
C  [KERNEL32.DLL+0x17c24]
C  [ntdll.dll+0x6d4d1]


---------------  P R O C E S S  ---------------

Threads class SMR info:
_java_thread_list=0x00007ffe64234ff0, length=0, elements={
}

Java Threads: ( => current thread )

Other Threads:
  0x0000016bfaa92230 GCTaskThread "GC Thread#0" [stack: 0x00000028f8000000,0x00000028f8100000] [id=14576]
  0x0000016bfaaa5700 ConcurrentGCThread "G1 Main Marker" [stack: 0x00000028f8100000,0x00000028f8200000] [id=15712]
  0x0000016bfaaa61f0 ConcurrentGCThread "G1 Conc#0" [stack: 0x00000028f8200000,0x00000028f8300000] [id=16540]

[error occurred during error reporting (printing all threads), id 0xc0000005, EXCEPTION_ACCESS_VIOLATION (0xc0000005) at pc=0x00007ffe63a28047]

VM state: not at safepoint (not fully initialized)

VM Mutex/Monitor currently owned by a thread:  ([mutex/lock_event])
[0x0000016bfaa51290] Heap_lock - owner thread: 0x0000016bfaa53490

Heap address: 0x0000000081e00000, size: 2018 MB, Compressed Oops mode: 32-bit
CDS archive(s) mapped at: [0x0000000000000000-0x0000000000000000-0x0000000000000000), size 0, SharedBaseAddress: 0x0000000800000000, ArchiveRelocationMode: 0.
Narrow klass base: 0x0000000000000000, Narrow klass shift: 0, Narrow klass range: 0x0

Heap:
 garbage-first heap   total 131072K, used 0K [0x0000000081e00000, 0x0000000100000000)
  region size 1024K, 0 young (0K), 0 survivors (0K)
 Metaspace       used 0K, capacity 0K, committed 0K, reserved 0K
  class space    used 0K, capacity 0K, committed 0K, reserved 0K

Heap Regions: E=young(eden), S=young(survivor), O=old, HS=humongous(starts), HC=humongous(continues), CS=collection set, F=free, OA=open archive, CA=closed archive, TAMS=top-at-mark-start (previous, next)

Card table byte_map: [0x0000016bfaf20000,0x0000016bfb320000] _byte_map_base: 0x0000016bfab11000

Marking Bits (Prev, Next): (CMBitMap*) 0x0000016bfaa939b0, (CMBitMap*) 0x0000016bfaa939f0
 Prev Bits: [0x0000016bfb720000, 0x0000016bfd6a8000)
 Next Bits: [0x0000016bfd6b0000, 0x0000016bff638000)

GC Heap History (0 events):
No events

Deoptimization events (0 events):
No events

Classes unloaded (0 events):
No events

Classes redefined (0 events):
No events

Internal exceptions (0 events):
No events

Events (1 events):
Event: 0.007 Loaded shared library C:\Program Files\Java\jdk-15.0.1\bin\java.dll


Dynamic libraries:
0x00007ff7e2a80000 - 0x00007ff7e2a8f000 	C:\Program Files\Java\jdk-15.0.1\bin\javaw.exe
0x00007ffeb9920000 - 0x00007ffeb9b10000 	C:\Windows\SYSTEM32\ntdll.dll
0x00007ffeb86b0000 - 0x00007ffeb8762000 	C:\Windows\System32\KERNEL32.DLL
0x00007ffeb68a0000 - 0x00007ffeb6b45000 	C:\Windows\System32\KERNELBASE.dll
0x00007ffeb7620000 - 0x00007ffeb771a000 	C:\Windows\System32\ucrtbase.dll
0x00007ffea1d30000 - 0x00007ffea1d48000 	C:\Program Files\Java\jdk-15.0.1\bin\jli.dll
0x00007ffea4350000 - 0x00007ffea4369000 	C:\Program Files\Java\jdk-15.0.1\bin\VCRUNTIME140.dll
0x00007ffeb7a30000 - 0x00007ffeb7ad3000 	C:\Windows\System32\ADVAPI32.dll
0x00007ffeb81d0000 - 0x00007ffeb826e000 	C:\Windows\System32\msvcrt.dll
0x00007ffeb93a0000 - 0x00007ffeb9437000 	C:\Windows\System32\sechost.dll
0x00007ffeb8590000 - 0x00007ffeb86af000 	C:\Windows\System32\RPCRT4.dll
0x00007ffeb8030000 - 0x00007ffeb81c4000 	C:\Windows\System32\USER32.dll
0x00007ffeb75f0000 - 0x00007ffeb7611000 	C:\Windows\System32\win32u.dll
0x00007ffeabc70000 - 0x00007ffeabef4000 	C:\Windows\WinSxS\amd64_microsoft.windows.common-controls_6595b64144ccf1df_6.0.18362.1316_none_9e7a364fe461dbd7\COMCTL32.dll
0x00007ffeb7f50000 - 0x00007ffeb7f76000 	C:\Windows\System32\GDI32.dll
0x00007ffeb95a0000 - 0x00007ffeb98d7000 	C:\Windows\System32\combase.dll
0x00007ffeb7450000 - 0x00007ffeb75e8000 	C:\Windows\System32\gdi32full.dll
0x00007ffeb7940000 - 0x00007ffeb79c1000 	C:\Windows\System32\bcryptPrimitives.dll
0x00007ffeb7380000 - 0x00007ffeb741e000 	C:\Windows\System32\msvcp_win.dll
0x00007ffeaa580000 - 0x00007ffeaa58a000 	C:\Windows\SYSTEM32\VERSION.dll
0x00007ffeb8c10000 - 0x00007ffeb8c3e000 	C:\Windows\System32\IMM32.DLL
0x00007ffeb2b30000 - 0x00007ffeb2b3c000 	C:\Program Files\Java\jdk-15.0.1\bin\vcruntime140_1.dll
0x00007ffe8b5a0000 - 0x00007ffe8b631000 	C:\Program Files\Java\jdk-15.0.1\bin\msvcp140.dll
0x00007ffe63770000 - 0x00007ffe642ce000 	C:\Program Files\Java\jdk-15.0.1\bin\server\jvm.dll
0x00007ffeb9440000 - 0x00007ffeb9448000 	C:\Windows\System32\PSAPI.DLL
0x00007ffea1e60000 - 0x00007ffea1e69000 	C:\Windows\SYSTEM32\WSOCK32.dll
0x00007ffeb3550000 - 0x00007ffeb3574000 	C:\Windows\SYSTEM32\WINMM.dll
0x00007ffeb8440000 - 0x00007ffeb84af000 	C:\Windows\System32\WS2_32.dll
0x00007ffeb3520000 - 0x00007ffeb354d000 	C:\Windows\SYSTEM32\winmmbase.dll
0x00007ffeb72d0000 - 0x00007ffeb731a000 	C:\Windows\System32\cfgmgr32.dll
0x00007ffeb6830000 - 0x00007ffeb6841000 	C:\Windows\System32\kernel.appcore.dll
0x00007ffeaf2d0000 - 0x00007ffeaf2da000 	C:\Program Files\Java\jdk-15.0.1\bin\jimage.dll
0x00007ffea24e0000 - 0x00007ffea26d4000 	C:\Windows\SYSTEM32\DBGHELP.DLL
0x00007ffea1d50000 - 0x00007ffea1d7a000 	C:\Windows\SYSTEM32\dbgcore.DLL
0x00007ffe9cd40000 - 0x00007ffe9cd65000 	C:\Program Files\Java\jdk-15.0.1\bin\java.dll

dbghelp: loaded successfully - version: 4.0.5 - missing functions: none
symbol engine: initialized successfully - sym options: 0x614 - pdb path: .;C:\Program Files\Java\jdk-15.0.1\bin;C:\Windows\SYSTEM32;C:\Windows\WinSxS\amd64_microsoft.windows.common-controls_6595b64144ccf1df_6.0.18362.1316_none_9e7a364fe461dbd7;C:\Program Files\Java\jdk-15.0.1\bin\server

VM Arguments:
jvm_args: -Dfile.encoding=Cp1252 -XX:+ShowCodeDetailsInExceptionMessages 
java_command: enhanced.Best1
java_class_path (initial): C:\Users\ME\eclipse-workspace\enhanced\bin;C:\Users\ME\eclipse-workspace\enhanced\jgoodies-forms-1.8.0.jar
Launcher Type: SUN_STANDARD

[Global flags]
     intx CICompilerCount                          = 3                                         {product} {ergonomic}
     uint ConcGCThreads                            = 1                                         {product} {ergonomic}
     uint G1ConcRefinementThreads                  = 4                                         {product} {ergonomic}
   size_t G1HeapRegionSize                         = 1048576                                   {product} {ergonomic}
    uintx GCDrainStackTargetSize                   = 64                                        {product} {ergonomic}
   size_t InitialHeapSize                          = 134217728                                 {product} {ergonomic}
   size_t MarkStackSize                            = 4194304                                   {product} {ergonomic}
   size_t MaxHeapSize                              = 2116026368                                {product} {ergonomic}
   size_t MinHeapDeltaBytes                        = 1048576                                   {product} {ergonomic}
   size_t MinHeapSize                              = 8388608                                   {product} {ergonomic}
    uintx NonNMethodCodeHeapSize                   = 5832780                                {pd product} {ergonomic}
    uintx NonProfiledCodeHeapSize                  = 122912730                              {pd product} {ergonomic}
    uintx ProfiledCodeHeapSize                     = 122912730                              {pd product} {ergonomic}
    uintx ReservedCodeCacheSize                    = 251658240                              {pd product} {ergonomic}
     bool SegmentedCodeCache                       = true                                      {product} {ergonomic}
     bool ShowCodeDetailsInExceptionMessages       = true                                   {manageable} {command line}
   size_t SoftMaxHeapSize                          = 2116026368                             {manageable} {ergonomic}
     bool UseCompressedClassPointers               = true                                 {lp64_product} {ergonomic}
     bool UseCompressedOops                        = true                                 {lp64_product} {ergonomic}
     bool UseG1GC                                  = true                                      {product} {ergonomic}
     bool UseLargePagesIndividualAllocation        = false                                  {pd product} {ergonomic}

Logging:
Log output configuration:
 #0: stdout all=warning uptime,level,tags
 #1: stderr all=off uptime,level,tags

Environment Variables:
JAVA_HOME=C:\Users\ME\.eclipse
PATH=C:\Program Files (x86)\VMware\VMware Workstation\bin\;C:\Program Files\Common Files\Oracle\Java\javapath;C:\Windows\system32;C:\Windows;C:\Windows\System32\Wbem;C:\Windows\System32\WindowsPowerShell\v1.0\;C:\Windows\System32\OpenSSH\;C:\Users\ME\.eclipse\bin;C:\Users\ME\AppData\Local\Programs\Python\Python39\Scripts\;C:\Users\ME\AppData\Local\Programs\Python\Python39\;C:\Users\ME\AppData\Local\Microsoft\WindowsApps;;C:\Users\ME\AppData\Local\Programs\Microsoft VS Code\bin
USERNAME=ME
OS=Windows_NT
PROCESSOR_IDENTIFIER=Intel64 Family 6 Model 58 Stepping 9, GenuineIntel



---------------  S Y S T E M  ---------------

OS:
 Windows 10 , 64 bit Build 18362 (10.0.18362.1316)
OS uptime: 0 days 7:50 hours

CPU: total 4 (initial active 4) (2 cores per cpu, 2 threads per core) family 6 model 58 stepping 9 microcode 0x21, cmov, cx8, fxsr, mmx, sse, sse2, sse3, ssse3, sse4.1, sse4.2, popcnt, vzeroupper, avx, aes, clmul, erms, ht, tsc, tscinvbit, tscinv, clflush

Memory: 4k page, system-wide physical 8070M (1784M free)
TotalPageFile size 16204M (AvailPageFile size 34M)
current process WorkingSet (physical memory assigned to process): 10M, peak: 10M
current process commit charge ("private bytes"): 52M, peak: 180M

vm_info: Java HotSpot(TM) 64-Bit Server VM (15.0.1+9-18) for windows-amd64 JRE (15.0.1+9-18), built on Sep 15 2020 14:43:54 by "mach5one" with unknown MS VC++:1925

END.
